[01:39:25] [ServerMain/INFO]: [bootstrap] Running Java 21 (OpenJDK 64-Bit Server VM 21.0.6+7-Ubuntu-120.04.1; Ubuntu null) on Linux 6.5.0-1025-azure (amd64)
[01:39:25] [ServerMain/INFO]: [bootstrap] Loading Paper 1.21.1-57-master@b483da4 (2024-09-01T18:09:05Z) for Minecraft 1.21.1
[01:39:25] [ServerMain/INFO]: [PluginInitializerManager] Initializing plugins...
[01:39:26] [Paper Plugin Remapper Thread - 0/INFO]: [ReobfServer] Remapping server...
[01:39:32] [Paper Plugin Remapper Thread - 0/INFO]: [ReobfServer] Done remapping server in 5502ms.
[01:39:32] [Paper Plugin Remapper Thread - 2/INFO]: [PluginRemapper] Remapping plugin 'plugins/sleep-most-5.5.1.jar'...
[01:39:32] [Paper Plugin Remapper Thread - 2/INFO]: [PluginRemapper] Done remapping plugin 'plugins/sleep-most-5.5.1.jar' in 282ms.
[01:39:32] [ServerMain/INFO]: [PluginInitializerManager] Initialized 1 plugin
[01:39:32] [ServerMain/INFO]: [PluginInitializerManager] Bukkit plugins (1):
 - sleep-most (5.5.1)
[01:39:36] [ServerMain/INFO]: Environment: Environment[sessionHost=https://sessionserver.mojang.com, servicesHost=https://api.minecraftservices.com, name=PROD]
[01:39:38] [ServerMain/INFO]: Loaded 1290 recipes
[01:39:38] [ServerMain/INFO]: Loaded 1399 advancements
[01:39:38] [Server thread/INFO]: Starting minecraft server version 1.21.1
[01:39:38] [Server thread/INFO]: Loading properties
[01:39:38] [Server thread/INFO]: This server is running Paper version 1.21.1-57-master@b483da4 (2024-09-01T18:09:05Z) (Implementing API version 1.21.1-R0.1-SNAPSHOT)
[01:39:39] [Server thread/INFO]: [spark] This server bundles the spark profiler. For more information please visit https://docs.papermc.io/paper/profiling
[01:39:39] [Server thread/INFO]: Server Ping Player Sample Count: 12
[01:39:39] [Server thread/INFO]: Using 4 threads for Netty based IO
[01:39:40] [Server thread/INFO]: [ChunkTaskScheduler] Chunk system is using 1 I/O threads, 1 worker threads, and population gen parallelism of 1 threads
[01:39:40] [Server thread/INFO]: Default game type: SURVIVAL
[01:39:40] [Server thread/INFO]: Generating keypair
[01:39:40] [Server thread/INFO]: Starting Minecraft server on *:25565
[01:39:40] [Server thread/INFO]: Using epoll channel type
[01:39:40] [Server thread/INFO]: Paper: Using libdeflate (Linux x86_64) compression from Velocity.
[01:39:40] [Server thread/INFO]: Paper: Using OpenSSL 1.1.x (Linux x86_64) cipher from Velocity.
[01:39:40] [Server thread/INFO]: [sleep-most] Loading server plugin sleep-most v5.5.1
[01:39:40] [Server thread/INFO]: Server permissions file permissions.yml is empty, ignoring it
[01:39:40] [Server thread/WARN]: **** SERVER IS RUNNING IN OFFLINE/INSECURE MODE!
[01:39:40] [Server thread/WARN]: The server will make no attempt to authenticate usernames. Beware.
[01:39:40] [Server thread/WARN]: While this makes the game possible to play without internet access, it also opens up the ability for hackers to connect with any username they choose.
[01:39:40] [Server thread/WARN]: To change this, set "online-mode" to "true" in the server.properties file.
[01:39:40] [Server thread/INFO]: Preparing level "world"
[01:39:41] [Server thread/INFO]: Preparing start region for dimension minecraft:overworld
[01:39:42] [Server thread/INFO]: Time elapsed: 1428 ms
[01:39:42] [Server thread/INFO]: Preparing start region for dimension minecraft:the_nether
[01:39:43] [Server thread/INFO]: Time elapsed: 314 ms
[01:39:43] [Server thread/INFO]: Preparing start region for dimension minecraft:the_end
[01:39:43] [Server thread/INFO]: Time elapsed: 78 ms
[01:39:43] [Server thread/INFO]: [sleep-most] Enabling sleep-most v5.5.1
[01:39:43] [Server thread/INFO]: [spark] Starting background profiler...
[01:39:44] [Server thread/INFO]: Done preparing level "world" (3.127s)
[01:39:44] [Server thread/INFO]: Running delayed init tasks
[01:39:44] [Server thread/INFO]: Done (19.103s)! For help, type "help"
[01:39:44] [Server thread/INFO]: Timings Reset
[01:39:44] [Server thread/INFO]: Unknown or incomplete command, see below for error
/home/codespace/.python/current/bin/python3 /workspaces/fantastic-tribble/msx.py<--[HERE]
[01:39:44] [Craft Scheduler Thread - 3 - sleep-most/INFO]: [sleep-most] UPDATE FOUND: A newer version of sleep-most is available to download!
[01:40:06] [User Authenticator #0/INFO]: UUID of player williwanwan is 47c5bf64-f60d-3487-b1ec-b64f2e414735
[01:40:08] [Server thread/INFO]: williwanwan joined the game
[01:40:08] [Server thread/INFO]: williwanwan[/127.6.191.189:53729] logged in with entity id 12 at ([world]2234.0792895404943, 64.0, -367.5876455368839)
[01:43:05] [User Authenticator #1/INFO]: UUID of player ollop78 is 017e40b1-a3dd-3ae5-964c-c6f19a1b307f
[01:43:08] [Server thread/INFO]: ollop78 joined the game
[01:43:08] [Server thread/INFO]: ollop78[/127.211.193.70:49071] logged in with entity id 646 at ([world]2230.1924303287024, 64.5, -385.6808562649476)
